{"synthetic": false,
 "schemaVersion": "2025-09-10",
 "outputs": null,
 "log":
 [{"message":
   ".> ELAN=elan ELAN_HOME=/root/.elan ELAN_TOOLCHAIN=leanprover/lean4:v4.28.0 LAKE=/root/.elan/toolchains/leanprover--lean4---v4.28.0/bin/lake LAKE_HOME=/root/.elan/toolchains/leanprover--lean4---v4.28.0 LAKE_PKG_URL_MAP={} LAKE_NO_CACHE=false LAKE_CACHE_KEY= LAKE_CACHE_ARTIFACT_ENDPOINT= LAKE_CACHE_REVISION_ENDPOINT= LEAN=/root/.elan/toolchains/leanprover--lean4---v4.28.0/bin/lean LEAN_SYSROOT=/root/.elan/toolchains/leanprover--lean4---v4.28.0 LEAN_AR=/root/.elan/toolchains/leanprover--lean4---v4.28.0/bin/llvm-ar LEAN_CC= LAKE_CACHE_DIR=/root/.elan/toolchains/leanprover--lean4---v4.28.0/lake/cache LAKE_ARTIFACT_CACHE=false LEAN_PATH=/inspire/hdd/project/qproject-fundationmodel/czxs25250150/Archon/workspace/KIP/.lake/packages/batteries/.lake/build/lib/lean:/inspire/hdd/project/qproject-fundationmodel/czxs25250150/Archon/workspace/KIP/.lake/packages/Qq/.lake/build/lib/lean:/inspire/hdd/project/qproject-fundationmodel/czxs25250150/Archon/workspace/KIP/.lake/packages/aesop/.lake/build/lib/lean:/inspire/hdd/project/qproject-fundationmodel/czxs25250150/Archon/workspace/KIP/.lake/packages/proofwidgets/.lake/build/lib/lean:/inspire/hdd/project/qproject-fundationmodel/czxs25250150/Archon/workspace/KIP/.lake/packages/importGraph/.lake/build/lib/lean:/inspire/hdd/project/qproject-fundationmodel/czxs25250150/Archon/workspace/KIP/.lake/packages/LeanSearchClient/.lake/build/lib/lean:/inspire/hdd/project/qproject-fundationmodel/czxs25250150/Archon/workspace/KIP/.lake/packages/plausible/.lake/build/lib/lean:/inspire/hdd/project/qproject-fundationmodel/czxs25250150/Archon/workspace/KIP/.lake/packages/MD4Lean/.lake/build/lib/lean:/inspire/hdd/project/qproject-fundationmodel/czxs25250150/Archon/workspace/KIP/.lake/packages/BibtexQuery/.lake/build/lib/lean:/inspire/hdd/project/qproject-fundationmodel/czxs25250150/Archon/workspace/KIP/.lake/packages/UnicodeBasic/.lake/build/lib/lean:/inspire/hdd/project/qproject-fundationmodel/czxs25250150/Archon/workspace/KIP/.lake/packages/Cli/.lake/build/lib/lean:/inspire/hdd/project/qproject-fundationmodel/czxs25250150/Archon/workspace/KIP/.lake/packages/mathlib/.lake/build/lib/lean:/inspire/hdd/project/qproject-fundationmodel/czxs25250150/Archon/workspace/KIP/.lake/packages/doc-gen4/.lake/build/lib/lean:/inspire/hdd/project/qproject-fundationmodel/czxs25250150/Archon/workspace/KIP/.lake/build/lib/lean:/root/.elan/toolchains/leanprover--lean4---v4.28.0/lib/lean LEAN_SRC_PATH=/inspire/hdd/project/qproject-fundationmodel/czxs25250150/Archon/workspace/KIP/.lake/packages/batteries:/inspire/hdd/project/qproject-fundationmodel/czxs25250150/Archon/workspace/KIP/.lake/packages/batteries:/inspire/hdd/project/qproject-fundationmodel/czxs25250150/Archon/workspace/KIP/.lake/packages/Qq:/inspire/hdd/project/qproject-fundationmodel/czxs25250150/Archon/workspace/KIP/.lake/packages/Qq:/inspire/hdd/project/qproject-fundationmodel/czxs25250150/Archon/workspace/KIP/.lake/packages/aesop:/inspire/hdd/project/qproject-fundationmodel/czxs25250150/Archon/workspace/KIP/.lake/packages/aesop:/inspire/hdd/project/qproject-fundationmodel/czxs25250150/Archon/workspace/KIP/.lake/packages/proofwidgets:/inspire/hdd/project/qproject-fundationmodel/czxs25250150/Archon/workspace/KIP/.lake/packages/proofwidgets:/inspire/hdd/project/qproject-fundationmodel/czxs25250150/Archon/workspace/KIP/.lake/packages/proofwidgets:/inspire/hdd/project/qproject-fundationmodel/czxs25250150/Archon/workspace/KIP/.lake/packages/importGraph:/inspire/hdd/project/qproject-fundationmodel/czxs25250150/Archon/workspace/KIP/.lake/packages/importGraph:/inspire/hdd/project/qproject-fundationmodel/czxs25250150/Archon/workspace/KIP/.lake/packages/LeanSearchClient:/inspire/hdd/project/qproject-fundationmodel/czxs25250150/Archon/workspace/KIP/.lake/packages/LeanSearchClient:/inspire/hdd/project/qproject-fundationmodel/czxs25250150/Archon/workspace/KIP/.lake/packages/plausible:/inspire/hdd/project/qproject-fundationmodel/czxs25250150/Archon/workspace/KIP/.lake/packages/plausible:/inspire/hdd/project/qproject-fundationmodel/czxs25250150/Archon/workspace/KIP/.lake/packages/MD4Lean:/inspire/hdd/project/qproject-fundationmodel/czxs25250150/Archon/workspace/KIP/.lake/packages/MD4Lean:/inspire/hdd/project/qproject-fundationmodel/czxs25250150/Archon/workspace/KIP/.lake/packages/BibtexQuery:/inspire/hdd/project/qproject-fundationmodel/czxs25250150/Archon/workspace/KIP/.lake/packages/UnicodeBasic:/inspire/hdd/project/qproject-fundationmodel/czxs25250150/Archon/workspace/KIP/.lake/packages/UnicodeBasic:/inspire/hdd/project/qproject-fundationmodel/czxs25250150/Archon/workspace/KIP/.lake/packages/Cli:/inspire/hdd/project/qproject-fundationmodel/czxs25250150/Archon/workspace/KIP/.lake/packages/Cli:/inspire/hdd/project/qproject-fundationmodel/czxs25250150/Archon/workspace/KIP/.lake/packages/mathlib:/inspire/hdd/project/qproject-fundationmodel/czxs25250150/Archon/workspace/KIP/.lake/packages/mathlib:/inspire/hdd/project/qproject-fundationmodel/czxs25250150/Archon/workspace/KIP/.lake/packages/mathlib:/inspire/hdd/project/qproject-fundationmodel/czxs25250150/Archon/workspace/KIP/.lake/packages/mathlib:/inspire/hdd/project/qproject-fundationmodel/czxs25250150/Archon/workspace/KIP/.lake/packages/mathlib:/inspire/hdd/project/qproject-fundationmodel/czxs25250150/Archon/workspace/KIP/.lake/packages/mathlib:/inspire/hdd/project/qproject-fundationmodel/czxs25250150/Archon/workspace/KIP/.lake/packages/doc-gen4:/inspire/hdd/project/qproject-fundationmodel/czxs25250150/Archon/workspace/KIP:/root/.elan/toolchains/leanprover--lean4---v4.28.0/src/lean/lake LEAN_GITHASH=7e01a1bf5c70fc6167d49c345d3bf80596e9a79b PATH LD_LIBRARY_PATH=/root/.elan/toolchains/leanprover--lean4---v4.28.0/lib/lean:/root/.elan/toolchains/leanprover--lean4---v4.28.0/lib:/inspire/hdd/project/qproject-fundationmodel/czxs25250150/Archon/workspace/KIP/.lake/build/lib:/inspire/hdd/project/qproject-fundationmodel/czxs25250150/Archon/workspace/KIP/.lake/packages/doc-gen4/.lake/build/lib:/inspire/hdd/project/qproject-fundationmodel/czxs25250150/Archon/workspace/KIP/.lake/packages/mathlib/.lake/build/lib:/inspire/hdd/project/qproject-fundationmodel/czxs25250150/Archon/workspace/KIP/.lake/packages/Cli/.lake/build/lib:/inspire/hdd/project/qproject-fundationmodel/czxs25250150/Archon/workspace/KIP/.lake/packages/UnicodeBasic/.lake/build/lib:/inspire/hdd/project/qproject-fundationmodel/czxs25250150/Archon/workspace/KIP/.lake/packages/BibtexQuery/.lake/build/lib:/inspire/hdd/project/qproject-fundationmodel/czxs25250150/Archon/workspace/KIP/.lake/packages/MD4Lean/.lake/build/lib:/inspire/hdd/project/qproject-fundationmodel/czxs25250150/Archon/workspace/KIP/.lake/packages/plausible/.lake/build/lib:/inspire/hdd/project/qproject-fundationmodel/czxs25250150/Archon/workspace/KIP/.lake/packages/LeanSearchClient/.lake/build/lib:/inspire/hdd/project/qproject-fundationmodel/czxs25250150/Archon/workspace/KIP/.lake/packages/importGraph/.lake/build/lib:/inspire/hdd/project/qproject-fundationmodel/czxs25250150/Archon/workspace/KIP/.lake/packages/proofwidgets/.lake/build/lib:/inspire/hdd/project/qproject-fundationmodel/czxs25250150/Archon/workspace/KIP/.lake/packages/aesop/.lake/build/lib:/inspire/hdd/project/qproject-fundationmodel/czxs25250150/Archon/workspace/KIP/.lake/packages/Qq/.lake/build/lib:/inspire/hdd/project/qproject-fundationmodel/czxs25250150/Archon/workspace/KIP/.lake/packages/batteries/.lake/build/lib:/usr/local/lib/python3.10/dist-packages/torch/lib:/usr/local/lib/python3.10/dist-packages/torch_tensorrt/lib:/usr/local/cuda/compat/lib:/usr/local/nvidia/lib:/usr/local/nvidia/lib64 /inspire/hdd/project/qproject-fundationmodel/czxs25250150/Archon/workspace/KIP/.lake/packages/doc-gen4/.lake/build/bin/doc-gen4 single --build /inspire/hdd/project/qproject-fundationmodel/czxs25250150/Archon/workspace/KIP/.lake/build Aesop.RuleTac.Basic https://github.com/leanprover-community/aesop/blob/f642a64c76df8ba9cb53dba3b919425a0c2aeaf1/Aesop/RuleTac/Basic.lean",
   "level": "trace"}],
 "inputs":
 [["<collection>",
   [["/inspire/hdd/project/qproject-fundationmodel/czxs25250150/Archon/workspace/KIP/.lake/build/doc/Aesop/Forward/Match/Types.html",
     "433fe4a7bed4a972"],
    ["/inspire/hdd/project/qproject-fundationmodel/czxs25250150/Archon/workspace/KIP/.lake/build/doc/Aesop/Index/Basic.html",
     "0385ddff967769e6"],
    ["/inspire/hdd/project/qproject-fundationmodel/czxs25250150/Archon/workspace/KIP/.lake/build/doc/Aesop/Percent.html",
     "1a6398cb94597e7d"],
    ["/inspire/hdd/project/qproject-fundationmodel/czxs25250150/Archon/workspace/KIP/.lake/build/doc/Aesop/Rule/Forward.html",
     "c4a133acf3e9fe32"],
    ["/inspire/hdd/project/qproject-fundationmodel/czxs25250150/Archon/workspace/KIP/.lake/build/doc/Aesop/RuleTac/GoalDiff.html",
     "f9768beb6734e8b1"],
    ["/inspire/hdd/project/qproject-fundationmodel/czxs25250150/Archon/workspace/KIP/.lake/build/doc/Aesop/RuleTac/FVarIdSubst.html",
     "fd5ad512af5f9d86"],
    ["/inspire/hdd/project/qproject-fundationmodel/czxs25250150/Archon/workspace/KIP/.lake/build/doc/Aesop/Script/CtorNames.html",
     "16a89e0b84c63b1c"],
    ["/inspire/hdd/project/qproject-fundationmodel/czxs25250150/Archon/workspace/KIP/.lake/build/doc/Aesop/Script/Step.html",
     "e7e13740620bff6c"],
    ["/inspire/hdd/project/qproject-fundationmodel/czxs25250150/Archon/workspace/KIP/.lake/build/doc/Batteries/Lean/Meta/SavedState.html",
     "dfce11590ddfb5b6"],
    ["/inspire/hdd/project/qproject-fundationmodel/czxs25250150/Archon/workspace/KIP/.lake/build/doc/Aesop/Options/Internal.html",
     "37a9cb287514f9cf"]]],
  ["/inspire/hdd/project/qproject-fundationmodel/czxs25250150/Archon/workspace/KIP/.lake/build/doc-data/references.json",
   "a50f2257f35adb49"],
  ["/inspire/hdd/project/qproject-fundationmodel/czxs25250150/Archon/workspace/KIP/.lake/packages/doc-gen4/.lake/build/bin/doc-gen4",
   "e90e569853ffef27"],
  ["Aesop.RuleTac.Basic:leanArts", "82cfb76bc9d436bb"]],
 "depHash": "9a697aa7bf85f476"}