{"synthetic": false,
 "schemaVersion": "2025-09-10",
 "outputs": null,
 "log":
 [{"message":
   ".> ELAN=elan ELAN_HOME=/root/.elan ELAN_TOOLCHAIN=leanprover/lean4:v4.28.0 LAKE=/root/.elan/toolchains/leanprover--lean4---v4.28.0/bin/lake LAKE_HOME=/root/.elan/toolchains/leanprover--lean4---v4.28.0 LAKE_PKG_URL_MAP={} LAKE_NO_CACHE=false LAKE_CACHE_KEY= LAKE_CACHE_ARTIFACT_ENDPOINT= LAKE_CACHE_REVISION_ENDPOINT= LEAN=/root/.elan/toolchains/leanprover--lean4---v4.28.0/bin/lean LEAN_SYSROOT=/root/.elan/toolchains/leanprover--lean4---v4.28.0 LEAN_AR=/root/.elan/toolchains/leanprover--lean4---v4.28.0/bin/llvm-ar LEAN_CC= LAKE_CACHE_DIR=/root/.elan/toolchains/leanprover--lean4---v4.28.0/lake/cache LAKE_ARTIFACT_CACHE=false LEAN_PATH=/inspire/hdd/project/qproject-fundationmodel/czxs25250150/Archon/workspace/KIP/.lake/packages/batteries/.lake/build/lib/lean:/inspire/hdd/project/qproject-fundationmodel/czxs25250150/Archon/workspace/KIP/.lake/packages/Qq/.lake/build/lib/lean:/inspire/hdd/project/qproject-fundationmodel/czxs25250150/Archon/workspace/KIP/.lake/packages/aesop/.lake/build/lib/lean:/inspire/hdd/project/qproject-fundationmodel/czxs25250150/Archon/workspace/KIP/.lake/packages/proofwidgets/.lake/build/lib/lean:/inspire/hdd/project/qproject-fundationmodel/czxs25250150/Archon/workspace/KIP/.lake/packages/importGraph/.lake/build/lib/lean:/inspire/hdd/project/qproject-fundationmodel/czxs25250150/Archon/workspace/KIP/.lake/packages/LeanSearchClient/.lake/build/lib/lean:/inspire/hdd/project/qproject-fundationmodel/czxs25250150/Archon/workspace/KIP/.lake/packages/plausible/.lake/build/lib/lean:/inspire/hdd/project/qproject-fundationmodel/czxs25250150/Archon/workspace/KIP/.lake/packages/MD4Lean/.lake/build/lib/lean:/inspire/hdd/project/qproject-fundationmodel/czxs25250150/Archon/workspace/KIP/.lake/packages/BibtexQuery/.lake/build/lib/lean:/inspire/hdd/project/qproject-fundationmodel/czxs25250150/Archon/workspace/KIP/.lake/packages/UnicodeBasic/.lake/build/lib/lean:/inspire/hdd/project/qproject-fundationmodel/czxs25250150/Archon/workspace/KIP/.lake/packages/Cli/.lake/build/lib/lean:/inspire/hdd/project/qproject-fundationmodel/czxs25250150/Archon/workspace/KIP/.lake/packages/mathlib/.lake/build/lib/lean:/inspire/hdd/project/qproject-fundationmodel/czxs25250150/Archon/workspace/KIP/.lake/packages/doc-gen4/.lake/build/lib/lean:/inspire/hdd/project/qproject-fundationmodel/czxs25250150/Archon/workspace/KIP/.lake/build/lib/lean:/root/.elan/toolchains/leanprover--lean4---v4.28.0/lib/lean LEAN_SRC_PATH=/inspire/hdd/project/qproject-fundationmodel/czxs25250150/Archon/workspace/KIP/.lake/packages/batteries:/inspire/hdd/project/qproject-fundationmodel/czxs25250150/Archon/workspace/KIP/.lake/packages/batteries:/inspire/hdd/project/qproject-fundationmodel/czxs25250150/Archon/workspace/KIP/.lake/packages/Qq:/inspire/hdd/project/qproject-fundationmodel/czxs25250150/Archon/workspace/KIP/.lake/packages/Qq:/inspire/hdd/project/qproject-fundationmodel/czxs25250150/Archon/workspace/KIP/.lake/packages/aesop:/inspire/hdd/project/qproject-fundationmodel/czxs25250150/Archon/workspace/KIP/.lake/packages/aesop:/inspire/hdd/project/qproject-fundationmodel/czxs25250150/Archon/workspace/KIP/.lake/packages/proofwidgets:/inspire/hdd/project/qproject-fundationmodel/czxs25250150/Archon/workspace/KIP/.lake/packages/proofwidgets:/inspire/hdd/project/qproject-fundationmodel/czxs25250150/Archon/workspace/KIP/.lake/packages/proofwidgets:/inspire/hdd/project/qproject-fundationmodel/czxs25250150/Archon/workspace/KIP/.lake/packages/importGraph:/inspire/hdd/project/qproject-fundationmodel/czxs25250150/Archon/workspace/KIP/.lake/packages/importGraph:/inspire/hdd/project/qproject-fundationmodel/czxs25250150/Archon/workspace/KIP/.lake/packages/LeanSearchClient:/inspire/hdd/project/qproject-fundationmodel/czxs25250150/Archon/workspace/KIP/.lake/packages/LeanSearchClient:/inspire/hdd/project/qproject-fundationmodel/czxs25250150/Archon/workspace/KIP/.lake/packages/plausible:/inspire/hdd/project/qproject-fundationmodel/czxs25250150/Archon/workspace/KIP/.lake/packages/plausible:/inspire/hdd/project/qproject-fundationmodel/czxs25250150/Archon/workspace/KIP/.lake/packages/MD4Lean:/inspire/hdd/project/qproject-fundationmodel/czxs25250150/Archon/workspace/KIP/.lake/packages/MD4Lean:/inspire/hdd/project/qproject-fundationmodel/czxs25250150/Archon/workspace/KIP/.lake/packages/BibtexQuery:/inspire/hdd/project/qproject-fundationmodel/czxs25250150/Archon/workspace/KIP/.lake/packages/UnicodeBasic:/inspire/hdd/project/qproject-fundationmodel/czxs25250150/Archon/workspace/KIP/.lake/packages/UnicodeBasic:/inspire/hdd/project/qproject-fundationmodel/czxs25250150/Archon/workspace/KIP/.lake/packages/Cli:/inspire/hdd/project/qproject-fundationmodel/czxs25250150/Archon/workspace/KIP/.lake/packages/Cli:/inspire/hdd/project/qproject-fundationmodel/czxs25250150/Archon/workspace/KIP/.lake/packages/mathlib:/inspire/hdd/project/qproject-fundationmodel/czxs25250150/Archon/workspace/KIP/.lake/packages/mathlib:/inspire/hdd/project/qproject-fundationmodel/czxs25250150/Archon/workspace/KIP/.lake/packages/mathlib:/inspire/hdd/project/qproject-fundationmodel/czxs25250150/Archon/workspace/KIP/.lake/packages/mathlib:/inspire/hdd/project/qproject-fundationmodel/czxs25250150/Archon/workspace/KIP/.lake/packages/mathlib:/inspire/hdd/project/qproject-fundationmodel/czxs25250150/Archon/workspace/KIP/.lake/packages/mathlib:/inspire/hdd/project/qproject-fundationmodel/czxs25250150/Archon/workspace/KIP/.lake/packages/doc-gen4:/inspire/hdd/project/qproject-fundationmodel/czxs25250150/Archon/workspace/KIP:/root/.elan/toolchains/leanprover--lean4---v4.28.0/src/lean/lake LEAN_GITHASH=7e01a1bf5c70fc6167d49c345d3bf80596e9a79b PATH LD_LIBRARY_PATH=/root/.elan/toolchains/leanprover--lean4---v4.28.0/lib/lean:/root/.elan/toolchains/leanprover--lean4---v4.28.0/lib:/inspire/hdd/project/qproject-fundationmodel/czxs25250150/Archon/workspace/KIP/.lake/build/lib:/inspire/hdd/project/qproject-fundationmodel/czxs25250150/Archon/workspace/KIP/.lake/packages/doc-gen4/.lake/build/lib:/inspire/hdd/project/qproject-fundationmodel/czxs25250150/Archon/workspace/KIP/.lake/packages/mathlib/.lake/build/lib:/inspire/hdd/project/qproject-fundationmodel/czxs25250150/Archon/workspace/KIP/.lake/packages/Cli/.lake/build/lib:/inspire/hdd/project/qproject-fundationmodel/czxs25250150/Archon/workspace/KIP/.lake/packages/UnicodeBasic/.lake/build/lib:/inspire/hdd/project/qproject-fundationmodel/czxs25250150/Archon/workspace/KIP/.lake/packages/BibtexQuery/.lake/build/lib:/inspire/hdd/project/qproject-fundationmodel/czxs25250150/Archon/workspace/KIP/.lake/packages/MD4Lean/.lake/build/lib:/inspire/hdd/project/qproject-fundationmodel/czxs25250150/Archon/workspace/KIP/.lake/packages/plausible/.lake/build/lib:/inspire/hdd/project/qproject-fundationmodel/czxs25250150/Archon/workspace/KIP/.lake/packages/LeanSearchClient/.lake/build/lib:/inspire/hdd/project/qproject-fundationmodel/czxs25250150/Archon/workspace/KIP/.lake/packages/importGraph/.lake/build/lib:/inspire/hdd/project/qproject-fundationmodel/czxs25250150/Archon/workspace/KIP/.lake/packages/proofwidgets/.lake/build/lib:/inspire/hdd/project/qproject-fundationmodel/czxs25250150/Archon/workspace/KIP/.lake/packages/aesop/.lake/build/lib:/inspire/hdd/project/qproject-fundationmodel/czxs25250150/Archon/workspace/KIP/.lake/packages/Qq/.lake/build/lib:/inspire/hdd/project/qproject-fundationmodel/czxs25250150/Archon/workspace/KIP/.lake/packages/batteries/.lake/build/lib:/usr/local/lib/python3.10/dist-packages/torch/lib:/usr/local/lib/python3.10/dist-packages/torch_tensorrt/lib:/usr/local/cuda/compat/lib:/usr/local/nvidia/lib:/usr/local/nvidia/lib64 /inspire/hdd/project/qproject-fundationmodel/czxs25250150/Archon/workspace/KIP/.lake/packages/doc-gen4/.lake/build/bin/doc-gen4 single --build /inspire/hdd/project/qproject-fundationmodel/czxs25250150/Archon/workspace/KIP/.lake/build Mathlib.Algebra.Order.Ring.Defs https://github.com/leanprover-community/mathlib4/blob/8f9d9cff6bd728b17a24e163c9402775d9e6a365/Mathlib/Algebra/Order/Ring/Defs.lean",
   "level": "trace"}],
 "inputs":
 [["<collection>",
   [["/inspire/hdd/project/qproject-fundationmodel/czxs25250150/Archon/workspace/KIP/.lake/build/doc/Mathlib/Algebra/Order/Ring/Unbundled/Basic.html",
     "7672b785591a2e17"],
    ["/inspire/hdd/project/qproject-fundationmodel/czxs25250150/Archon/workspace/KIP/.lake/build/doc/Mathlib/Algebra/CharZero/Defs.html",
     "ced5bf2466e276de"],
    ["/inspire/hdd/project/qproject-fundationmodel/czxs25250150/Archon/workspace/KIP/.lake/build/doc/Mathlib/Algebra/Order/Group/Defs.html",
     "a37630a2f2fb4e54"],
    ["/inspire/hdd/project/qproject-fundationmodel/czxs25250150/Archon/workspace/KIP/.lake/build/doc/Mathlib/Algebra/Order/GroupWithZero/Unbundled/Basic.html",
     "f9729f071fdbb58b"],
    ["/inspire/hdd/project/qproject-fundationmodel/czxs25250150/Archon/workspace/KIP/.lake/build/doc/Mathlib/Algebra/Order/Monoid/NatCast.html",
     "fabea1b5d5c1777b"],
    ["/inspire/hdd/project/qproject-fundationmodel/czxs25250150/Archon/workspace/KIP/.lake/build/doc/Mathlib/Algebra/Order/Monoid/Unbundled/MinMax.html",
     "d9e6bd47957d361d"],
    ["/inspire/hdd/project/qproject-fundationmodel/czxs25250150/Archon/workspace/KIP/.lake/build/doc/Mathlib/Algebra/Ring/Defs.html",
     "f641d38a23f9afab"],
    ["/inspire/hdd/project/qproject-fundationmodel/czxs25250150/Archon/workspace/KIP/.lake/build/doc/Mathlib/Algebra/Ring/GrindInstances.html",
     "a5389b5d749a4a79"],
    ["/inspire/hdd/project/qproject-fundationmodel/czxs25250150/Archon/workspace/KIP/.lake/build/doc/Mathlib/Tactic/Tauto.html",
     "c053e84278d94a15"],
    ["/inspire/hdd/project/qproject-fundationmodel/czxs25250150/Archon/workspace/KIP/.lake/build/doc/Mathlib/Algebra/Order/Monoid/Unbundled/ExistsOfLE.html",
     "cd50651852b1aed4"]]],
  ["/inspire/hdd/project/qproject-fundationmodel/czxs25250150/Archon/workspace/KIP/.lake/build/doc-data/references.json",
   "a50f2257f35adb49"],
  ["/inspire/hdd/project/qproject-fundationmodel/czxs25250150/Archon/workspace/KIP/.lake/packages/doc-gen4/.lake/build/bin/doc-gen4",
   "e90e569853ffef27"],
  ["Mathlib.Algebra.Order.Ring.Defs:leanArts", "ee2b6173671c9c1c"]],
 "depHash": "041b6e87a80c004e"}