{"synthetic": false,
 "schemaVersion": "2025-09-10",
 "outputs": null,
 "log":
 [{"message":
   ".> ELAN=elan ELAN_HOME=/root/.elan ELAN_TOOLCHAIN=leanprover/lean4:v4.28.0 LAKE=/root/.elan/toolchains/leanprover--lean4---v4.28.0/bin/lake LAKE_HOME=/root/.elan/toolchains/leanprover--lean4---v4.28.0 LAKE_PKG_URL_MAP={} LAKE_NO_CACHE=false LAKE_CACHE_KEY= LAKE_CACHE_ARTIFACT_ENDPOINT= LAKE_CACHE_REVISION_ENDPOINT= LEAN=/root/.elan/toolchains/leanprover--lean4---v4.28.0/bin/lean LEAN_SYSROOT=/root/.elan/toolchains/leanprover--lean4---v4.28.0 LEAN_AR=/root/.elan/toolchains/leanprover--lean4---v4.28.0/bin/llvm-ar LEAN_CC= LAKE_CACHE_DIR=/root/.elan/toolchains/leanprover--lean4---v4.28.0/lake/cache LAKE_ARTIFACT_CACHE=false LEAN_PATH=/inspire/hdd/project/qproject-fundationmodel/czxs25250150/Archon/workspace/KIP/.lake/packages/batteries/.lake/build/lib/lean:/inspire/hdd/project/qproject-fundationmodel/czxs25250150/Archon/workspace/KIP/.lake/packages/Qq/.lake/build/lib/lean:/inspire/hdd/project/qproject-fundationmodel/czxs25250150/Archon/workspace/KIP/.lake/packages/aesop/.lake/build/lib/lean:/inspire/hdd/project/qproject-fundationmodel/czxs25250150/Archon/workspace/KIP/.lake/packages/proofwidgets/.lake/build/lib/lean:/inspire/hdd/project/qproject-fundationmodel/czxs25250150/Archon/workspace/KIP/.lake/packages/importGraph/.lake/build/lib/lean:/inspire/hdd/project/qproject-fundationmodel/czxs25250150/Archon/workspace/KIP/.lake/packages/LeanSearchClient/.lake/build/lib/lean:/inspire/hdd/project/qproject-fundationmodel/czxs25250150/Archon/workspace/KIP/.lake/packages/plausible/.lake/build/lib/lean:/inspire/hdd/project/qproject-fundationmodel/czxs25250150/Archon/workspace/KIP/.lake/packages/MD4Lean/.lake/build/lib/lean:/inspire/hdd/project/qproject-fundationmodel/czxs25250150/Archon/workspace/KIP/.lake/packages/BibtexQuery/.lake/build/lib/lean:/inspire/hdd/project/qproject-fundationmodel/czxs25250150/Archon/workspace/KIP/.lake/packages/UnicodeBasic/.lake/build/lib/lean:/inspire/hdd/project/qproject-fundationmodel/czxs25250150/Archon/workspace/KIP/.lake/packages/Cli/.lake/build/lib/lean:/inspire/hdd/project/qproject-fundationmodel/czxs25250150/Archon/workspace/KIP/.lake/packages/mathlib/.lake/build/lib/lean:/inspire/hdd/project/qproject-fundationmodel/czxs25250150/Archon/workspace/KIP/.lake/packages/doc-gen4/.lake/build/lib/lean:/inspire/hdd/project/qproject-fundationmodel/czxs25250150/Archon/workspace/KIP/.lake/build/lib/lean:/root/.elan/toolchains/leanprover--lean4---v4.28.0/lib/lean LEAN_SRC_PATH=/inspire/hdd/project/qproject-fundationmodel/czxs25250150/Archon/workspace/KIP/.lake/packages/batteries:/inspire/hdd/project/qproject-fundationmodel/czxs25250150/Archon/workspace/KIP/.lake/packages/batteries:/inspire/hdd/project/qproject-fundationmodel/czxs25250150/Archon/workspace/KIP/.lake/packages/Qq:/inspire/hdd/project/qproject-fundationmodel/czxs25250150/Archon/workspace/KIP/.lake/packages/Qq:/inspire/hdd/project/qproject-fundationmodel/czxs25250150/Archon/workspace/KIP/.lake/packages/aesop:/inspire/hdd/project/qproject-fundationmodel/czxs25250150/Archon/workspace/KIP/.lake/packages/aesop:/inspire/hdd/project/qproject-fundationmodel/czxs25250150/Archon/workspace/KIP/.lake/packages/proofwidgets:/inspire/hdd/project/qproject-fundationmodel/czxs25250150/Archon/workspace/KIP/.lake/packages/proofwidgets:/inspire/hdd/project/qproject-fundationmodel/czxs25250150/Archon/workspace/KIP/.lake/packages/proofwidgets:/inspire/hdd/project/qproject-fundationmodel/czxs25250150/Archon/workspace/KIP/.lake/packages/importGraph:/inspire/hdd/project/qproject-fundationmodel/czxs25250150/Archon/workspace/KIP/.lake/packages/importGraph:/inspire/hdd/project/qproject-fundationmodel/czxs25250150/Archon/workspace/KIP/.lake/packages/LeanSearchClient:/inspire/hdd/project/qproject-fundationmodel/czxs25250150/Archon/workspace/KIP/.lake/packages/LeanSearchClient:/inspire/hdd/project/qproject-fundationmodel/czxs25250150/Archon/workspace/KIP/.lake/packages/plausible:/inspire/hdd/project/qproject-fundationmodel/czxs25250150/Archon/workspace/KIP/.lake/packages/plausible:/inspire/hdd/project/qproject-fundationmodel/czxs25250150/Archon/workspace/KIP/.lake/packages/MD4Lean:/inspire/hdd/project/qproject-fundationmodel/czxs25250150/Archon/workspace/KIP/.lake/packages/MD4Lean:/inspire/hdd/project/qproject-fundationmodel/czxs25250150/Archon/workspace/KIP/.lake/packages/BibtexQuery:/inspire/hdd/project/qproject-fundationmodel/czxs25250150/Archon/workspace/KIP/.lake/packages/UnicodeBasic:/inspire/hdd/project/qproject-fundationmodel/czxs25250150/Archon/workspace/KIP/.lake/packages/UnicodeBasic:/inspire/hdd/project/qproject-fundationmodel/czxs25250150/Archon/workspace/KIP/.lake/packages/Cli:/inspire/hdd/project/qproject-fundationmodel/czxs25250150/Archon/workspace/KIP/.lake/packages/Cli:/inspire/hdd/project/qproject-fundationmodel/czxs25250150/Archon/workspace/KIP/.lake/packages/mathlib:/inspire/hdd/project/qproject-fundationmodel/czxs25250150/Archon/workspace/KIP/.lake/packages/mathlib:/inspire/hdd/project/qproject-fundationmodel/czxs25250150/Archon/workspace/KIP/.lake/packages/mathlib:/inspire/hdd/project/qproject-fundationmodel/czxs25250150/Archon/workspace/KIP/.lake/packages/mathlib:/inspire/hdd/project/qproject-fundationmodel/czxs25250150/Archon/workspace/KIP/.lake/packages/mathlib:/inspire/hdd/project/qproject-fundationmodel/czxs25250150/Archon/workspace/KIP/.lake/packages/mathlib:/inspire/hdd/project/qproject-fundationmodel/czxs25250150/Archon/workspace/KIP/.lake/packages/doc-gen4:/inspire/hdd/project/qproject-fundationmodel/czxs25250150/Archon/workspace/KIP:/root/.elan/toolchains/leanprover--lean4---v4.28.0/src/lean/lake LEAN_GITHASH=7e01a1bf5c70fc6167d49c345d3bf80596e9a79b PATH LD_LIBRARY_PATH=/root/.elan/toolchains/leanprover--lean4---v4.28.0/lib/lean:/root/.elan/toolchains/leanprover--lean4---v4.28.0/lib:/inspire/hdd/project/qproject-fundationmodel/czxs25250150/Archon/workspace/KIP/.lake/build/lib:/inspire/hdd/project/qproject-fundationmodel/czxs25250150/Archon/workspace/KIP/.lake/packages/doc-gen4/.lake/build/lib:/inspire/hdd/project/qproject-fundationmodel/czxs25250150/Archon/workspace/KIP/.lake/packages/mathlib/.lake/build/lib:/inspire/hdd/project/qproject-fundationmodel/czxs25250150/Archon/workspace/KIP/.lake/packages/Cli/.lake/build/lib:/inspire/hdd/project/qproject-fundationmodel/czxs25250150/Archon/workspace/KIP/.lake/packages/UnicodeBasic/.lake/build/lib:/inspire/hdd/project/qproject-fundationmodel/czxs25250150/Archon/workspace/KIP/.lake/packages/BibtexQuery/.lake/build/lib:/inspire/hdd/project/qproject-fundationmodel/czxs25250150/Archon/workspace/KIP/.lake/packages/MD4Lean/.lake/build/lib:/inspire/hdd/project/qproject-fundationmodel/czxs25250150/Archon/workspace/KIP/.lake/packages/plausible/.lake/build/lib:/inspire/hdd/project/qproject-fundationmodel/czxs25250150/Archon/workspace/KIP/.lake/packages/LeanSearchClient/.lake/build/lib:/inspire/hdd/project/qproject-fundationmodel/czxs25250150/Archon/workspace/KIP/.lake/packages/importGraph/.lake/build/lib:/inspire/hdd/project/qproject-fundationmodel/czxs25250150/Archon/workspace/KIP/.lake/packages/proofwidgets/.lake/build/lib:/inspire/hdd/project/qproject-fundationmodel/czxs25250150/Archon/workspace/KIP/.lake/packages/aesop/.lake/build/lib:/inspire/hdd/project/qproject-fundationmodel/czxs25250150/Archon/workspace/KIP/.lake/packages/Qq/.lake/build/lib:/inspire/hdd/project/qproject-fundationmodel/czxs25250150/Archon/workspace/KIP/.lake/packages/batteries/.lake/build/lib:/usr/local/lib/python3.10/dist-packages/torch/lib:/usr/local/lib/python3.10/dist-packages/torch_tensorrt/lib:/usr/local/cuda/compat/lib:/usr/local/nvidia/lib:/usr/local/nvidia/lib64 /inspire/hdd/project/qproject-fundationmodel/czxs25250150/Archon/workspace/KIP/.lake/packages/doc-gen4/.lake/build/bin/doc-gen4 single --build /inspire/hdd/project/qproject-fundationmodel/czxs25250150/Archon/workspace/KIP/.lake/build Mathlib.Algebra.BigOperators.Group.List.Lemmas https://github.com/leanprover-community/mathlib4/blob/8f9d9cff6bd728b17a24e163c9402775d9e6a365/Mathlib/Algebra/BigOperators/Group/List/Lemmas.lean",
   "level": "trace"}],
 "inputs":
 [["<collection>",
   [["/inspire/hdd/project/qproject-fundationmodel/czxs25250150/Archon/workspace/KIP/.lake/build/doc/Mathlib/Algebra/BigOperators/Group/List/Basic.html",
     "e4d74ef233751429"],
    ["/inspire/hdd/project/qproject-fundationmodel/czxs25250150/Archon/workspace/KIP/.lake/build/doc/Mathlib/Algebra/Divisibility/Basic.html",
     "ff67303ea1225191"],
    ["/inspire/hdd/project/qproject-fundationmodel/czxs25250150/Archon/workspace/KIP/.lake/build/doc/Mathlib/Algebra/Group/Int/Units.html",
     "1f78f817063edb51"],
    ["/inspire/hdd/project/qproject-fundationmodel/czxs25250150/Archon/workspace/KIP/.lake/build/doc/Mathlib/Data/List/Dedup.html",
     "d8b9a94505f3479f"],
    ["/inspire/hdd/project/qproject-fundationmodel/czxs25250150/Archon/workspace/KIP/.lake/build/doc/Mathlib/Data/List/Flatten.html",
     "05b370a7bf29ed01"],
    ["/inspire/hdd/project/qproject-fundationmodel/czxs25250150/Archon/workspace/KIP/.lake/build/doc/Mathlib/Data/List/Pairwise.html",
     "f80a82c7cf86340a"],
    ["/inspire/hdd/project/qproject-fundationmodel/czxs25250150/Archon/workspace/KIP/.lake/build/doc/Mathlib/Data/List/Perm/Basic.html",
     "f34977b8fff1ce90"],
    ["/inspire/hdd/project/qproject-fundationmodel/czxs25250150/Archon/workspace/KIP/.lake/build/doc/Mathlib/Data/List/Range.html",
     "63bb2e0b0b62d6e8"],
    ["/inspire/hdd/project/qproject-fundationmodel/czxs25250150/Archon/workspace/KIP/.lake/build/doc/Mathlib/Data/List/Rotate.html",
     "ae07ee7e56369459"],
    ["/inspire/hdd/project/qproject-fundationmodel/czxs25250150/Archon/workspace/KIP/.lake/build/doc/Mathlib/Data/List/ProdSigma.html",
     "9bb9c97d8fc56f60"],
    ["/inspire/hdd/project/qproject-fundationmodel/czxs25250150/Archon/workspace/KIP/.lake/build/doc/Mathlib/Algebra/Group/Opposite.html",
     "1a2b0ad7d255986f"]]],
  ["/inspire/hdd/project/qproject-fundationmodel/czxs25250150/Archon/workspace/KIP/.lake/build/doc-data/references.json",
   "a50f2257f35adb49"],
  ["/inspire/hdd/project/qproject-fundationmodel/czxs25250150/Archon/workspace/KIP/.lake/packages/doc-gen4/.lake/build/bin/doc-gen4",
   "e90e569853ffef27"],
  ["Mathlib.Algebra.BigOperators.Group.List.Lemmas:leanArts",
   "ff4ddacf5bc1d864"]],
 "depHash": "aceac06e0cc49b67"}