{"synthetic": false,
 "schemaVersion": "2025-09-10",
 "outputs": null,
 "log":
 [{"message":
   ".> ELAN=elan ELAN_HOME=/root/.elan ELAN_TOOLCHAIN=leanprover/lean4:v4.28.0 LAKE=/root/.elan/toolchains/leanprover--lean4---v4.28.0/bin/lake LAKE_HOME=/root/.elan/toolchains/leanprover--lean4---v4.28.0 LAKE_PKG_URL_MAP={} LAKE_NO_CACHE=false LAKE_CACHE_KEY= LAKE_CACHE_ARTIFACT_ENDPOINT= LAKE_CACHE_REVISION_ENDPOINT= LEAN=/root/.elan/toolchains/leanprover--lean4---v4.28.0/bin/lean LEAN_SYSROOT=/root/.elan/toolchains/leanprover--lean4---v4.28.0 LEAN_AR=/root/.elan/toolchains/leanprover--lean4---v4.28.0/bin/llvm-ar LEAN_CC= LAKE_CACHE_DIR=/root/.elan/toolchains/leanprover--lean4---v4.28.0/lake/cache LAKE_ARTIFACT_CACHE=false LEAN_PATH=/inspire/hdd/project/qproject-fundationmodel/czxs25250150/Archon/workspace/KIP/.lake/packages/batteries/.lake/build/lib/lean:/inspire/hdd/project/qproject-fundationmodel/czxs25250150/Archon/workspace/KIP/.lake/packages/Qq/.lake/build/lib/lean:/inspire/hdd/project/qproject-fundationmodel/czxs25250150/Archon/workspace/KIP/.lake/packages/aesop/.lake/build/lib/lean:/inspire/hdd/project/qproject-fundationmodel/czxs25250150/Archon/workspace/KIP/.lake/packages/proofwidgets/.lake/build/lib/lean:/inspire/hdd/project/qproject-fundationmodel/czxs25250150/Archon/workspace/KIP/.lake/packages/importGraph/.lake/build/lib/lean:/inspire/hdd/project/qproject-fundationmodel/czxs25250150/Archon/workspace/KIP/.lake/packages/LeanSearchClient/.lake/build/lib/lean:/inspire/hdd/project/qproject-fundationmodel/czxs25250150/Archon/workspace/KIP/.lake/packages/plausible/.lake/build/lib/lean:/inspire/hdd/project/qproject-fundationmodel/czxs25250150/Archon/workspace/KIP/.lake/packages/MD4Lean/.lake/build/lib/lean:/inspire/hdd/project/qproject-fundationmodel/czxs25250150/Archon/workspace/KIP/.lake/packages/BibtexQuery/.lake/build/lib/lean:/inspire/hdd/project/qproject-fundationmodel/czxs25250150/Archon/workspace/KIP/.lake/packages/UnicodeBasic/.lake/build/lib/lean:/inspire/hdd/project/qproject-fundationmodel/czxs25250150/Archon/workspace/KIP/.lake/packages/Cli/.lake/build/lib/lean:/inspire/hdd/project/qproject-fundationmodel/czxs25250150/Archon/workspace/KIP/.lake/packages/mathlib/.lake/build/lib/lean:/inspire/hdd/project/qproject-fundationmodel/czxs25250150/Archon/workspace/KIP/.lake/packages/doc-gen4/.lake/build/lib/lean:/inspire/hdd/project/qproject-fundationmodel/czxs25250150/Archon/workspace/KIP/.lake/build/lib/lean:/root/.elan/toolchains/leanprover--lean4---v4.28.0/lib/lean LEAN_SRC_PATH=/inspire/hdd/project/qproject-fundationmodel/czxs25250150/Archon/workspace/KIP/.lake/packages/batteries:/inspire/hdd/project/qproject-fundationmodel/czxs25250150/Archon/workspace/KIP/.lake/packages/batteries:/inspire/hdd/project/qproject-fundationmodel/czxs25250150/Archon/workspace/KIP/.lake/packages/Qq:/inspire/hdd/project/qproject-fundationmodel/czxs25250150/Archon/workspace/KIP/.lake/packages/Qq:/inspire/hdd/project/qproject-fundationmodel/czxs25250150/Archon/workspace/KIP/.lake/packages/aesop:/inspire/hdd/project/qproject-fundationmodel/czxs25250150/Archon/workspace/KIP/.lake/packages/aesop:/inspire/hdd/project/qproject-fundationmodel/czxs25250150/Archon/workspace/KIP/.lake/packages/proofwidgets:/inspire/hdd/project/qproject-fundationmodel/czxs25250150/Archon/workspace/KIP/.lake/packages/proofwidgets:/inspire/hdd/project/qproject-fundationmodel/czxs25250150/Archon/workspace/KIP/.lake/packages/proofwidgets:/inspire/hdd/project/qproject-fundationmodel/czxs25250150/Archon/workspace/KIP/.lake/packages/importGraph:/inspire/hdd/project/qproject-fundationmodel/czxs25250150/Archon/workspace/KIP/.lake/packages/importGraph:/inspire/hdd/project/qproject-fundationmodel/czxs25250150/Archon/workspace/KIP/.lake/packages/LeanSearchClient:/inspire/hdd/project/qproject-fundationmodel/czxs25250150/Archon/workspace/KIP/.lake/packages/LeanSearchClient:/inspire/hdd/project/qproject-fundationmodel/czxs25250150/Archon/workspace/KIP/.lake/packages/plausible:/inspire/hdd/project/qproject-fundationmodel/czxs25250150/Archon/workspace/KIP/.lake/packages/plausible:/inspire/hdd/project/qproject-fundationmodel/czxs25250150/Archon/workspace/KIP/.lake/packages/MD4Lean:/inspire/hdd/project/qproject-fundationmodel/czxs25250150/Archon/workspace/KIP/.lake/packages/MD4Lean:/inspire/hdd/project/qproject-fundationmodel/czxs25250150/Archon/workspace/KIP/.lake/packages/BibtexQuery:/inspire/hdd/project/qproject-fundationmodel/czxs25250150/Archon/workspace/KIP/.lake/packages/UnicodeBasic:/inspire/hdd/project/qproject-fundationmodel/czxs25250150/Archon/workspace/KIP/.lake/packages/UnicodeBasic:/inspire/hdd/project/qproject-fundationmodel/czxs25250150/Archon/workspace/KIP/.lake/packages/Cli:/inspire/hdd/project/qproject-fundationmodel/czxs25250150/Archon/workspace/KIP/.lake/packages/Cli:/inspire/hdd/project/qproject-fundationmodel/czxs25250150/Archon/workspace/KIP/.lake/packages/mathlib:/inspire/hdd/project/qproject-fundationmodel/czxs25250150/Archon/workspace/KIP/.lake/packages/mathlib:/inspire/hdd/project/qproject-fundationmodel/czxs25250150/Archon/workspace/KIP/.lake/packages/mathlib:/inspire/hdd/project/qproject-fundationmodel/czxs25250150/Archon/workspace/KIP/.lake/packages/mathlib:/inspire/hdd/project/qproject-fundationmodel/czxs25250150/Archon/workspace/KIP/.lake/packages/mathlib:/inspire/hdd/project/qproject-fundationmodel/czxs25250150/Archon/workspace/KIP/.lake/packages/mathlib:/inspire/hdd/project/qproject-fundationmodel/czxs25250150/Archon/workspace/KIP/.lake/packages/doc-gen4:/inspire/hdd/project/qproject-fundationmodel/czxs25250150/Archon/workspace/KIP:/root/.elan/toolchains/leanprover--lean4---v4.28.0/src/lean/lake LEAN_GITHASH=7e01a1bf5c70fc6167d49c345d3bf80596e9a79b PATH LD_LIBRARY_PATH=/root/.elan/toolchains/leanprover--lean4---v4.28.0/lib/lean:/root/.elan/toolchains/leanprover--lean4---v4.28.0/lib:/inspire/hdd/project/qproject-fundationmodel/czxs25250150/Archon/workspace/KIP/.lake/build/lib:/inspire/hdd/project/qproject-fundationmodel/czxs25250150/Archon/workspace/KIP/.lake/packages/doc-gen4/.lake/build/lib:/inspire/hdd/project/qproject-fundationmodel/czxs25250150/Archon/workspace/KIP/.lake/packages/mathlib/.lake/build/lib:/inspire/hdd/project/qproject-fundationmodel/czxs25250150/Archon/workspace/KIP/.lake/packages/Cli/.lake/build/lib:/inspire/hdd/project/qproject-fundationmodel/czxs25250150/Archon/workspace/KIP/.lake/packages/UnicodeBasic/.lake/build/lib:/inspire/hdd/project/qproject-fundationmodel/czxs25250150/Archon/workspace/KIP/.lake/packages/BibtexQuery/.lake/build/lib:/inspire/hdd/project/qproject-fundationmodel/czxs25250150/Archon/workspace/KIP/.lake/packages/MD4Lean/.lake/build/lib:/inspire/hdd/project/qproject-fundationmodel/czxs25250150/Archon/workspace/KIP/.lake/packages/plausible/.lake/build/lib:/inspire/hdd/project/qproject-fundationmodel/czxs25250150/Archon/workspace/KIP/.lake/packages/LeanSearchClient/.lake/build/lib:/inspire/hdd/project/qproject-fundationmodel/czxs25250150/Archon/workspace/KIP/.lake/packages/importGraph/.lake/build/lib:/inspire/hdd/project/qproject-fundationmodel/czxs25250150/Archon/workspace/KIP/.lake/packages/proofwidgets/.lake/build/lib:/inspire/hdd/project/qproject-fundationmodel/czxs25250150/Archon/workspace/KIP/.lake/packages/aesop/.lake/build/lib:/inspire/hdd/project/qproject-fundationmodel/czxs25250150/Archon/workspace/KIP/.lake/packages/Qq/.lake/build/lib:/inspire/hdd/project/qproject-fundationmodel/czxs25250150/Archon/workspace/KIP/.lake/packages/batteries/.lake/build/lib:/usr/local/lib/python3.10/dist-packages/torch/lib:/usr/local/lib/python3.10/dist-packages/torch_tensorrt/lib:/usr/local/cuda/compat/lib:/usr/local/nvidia/lib:/usr/local/nvidia/lib64 /inspire/hdd/project/qproject-fundationmodel/czxs25250150/Archon/workspace/KIP/.lake/packages/doc-gen4/.lake/build/bin/doc-gen4 single --build /inspire/hdd/project/qproject-fundationmodel/czxs25250150/Archon/workspace/KIP/.lake/build Mathlib.Combinatorics.Enumerative.Schroder https://github.com/leanprover-community/mathlib4/blob/8f9d9cff6bd728b17a24e163c9402775d9e6a365/Mathlib/Combinatorics/Enumerative/Schroder.lean",
   "level": "trace"}],
 "inputs":
 [["<collection>",
   [["/inspire/hdd/project/qproject-fundationmodel/czxs25250150/Archon/workspace/KIP/.lake/build/doc/Mathlib/Algebra/BigOperators/Group/Finset/Defs.html",
     "9390f758f08066a9"],
    ["/inspire/hdd/project/qproject-fundationmodel/czxs25250150/Archon/workspace/KIP/.lake/build/doc/Mathlib/Algebra/Group/Even.html",
     "eca4e2a369e62b5f"],
    ["/inspire/hdd/project/qproject-fundationmodel/czxs25250150/Archon/workspace/KIP/.lake/build/doc/Mathlib/Order/Interval/Finset/Nat.html",
     "f85d3463bde1e94a"],
    ["/inspire/hdd/project/qproject-fundationmodel/czxs25250150/Archon/workspace/KIP/.lake/build/doc/Mathlib/Algebra/BigOperators/Fin.html",
     "d2162a3ba92f7d9d"],
    ["/inspire/hdd/project/qproject-fundationmodel/czxs25250150/Archon/workspace/KIP/.lake/build/doc/Mathlib/Algebra/BigOperators/Group/Finset/Lemmas.html",
     "33776a6e828ab8e0"],
    ["/inspire/hdd/project/qproject-fundationmodel/czxs25250150/Archon/workspace/KIP/.lake/build/doc/Mathlib/Algebra/Order/BigOperators/Group/LocallyFinite.html",
     "f6226aff465d2026"],
    ["/inspire/hdd/project/qproject-fundationmodel/czxs25250150/Archon/workspace/KIP/.lake/build/doc/Mathlib/Data/Rat/Cast/Order.html",
     "868d10de56c71e60"],
    ["/inspire/hdd/project/qproject-fundationmodel/czxs25250150/Archon/workspace/KIP/.lake/build/doc/Mathlib/Tactic/NormNum/Abs.html",
     "2d2279ab5933bb26"],
    ["/inspire/hdd/project/qproject-fundationmodel/czxs25250150/Archon/workspace/KIP/.lake/build/doc/Mathlib/Tactic/NormNum/DivMod.html",
     "8e81056fcce5a239"],
    ["/inspire/hdd/project/qproject-fundationmodel/czxs25250150/Archon/workspace/KIP/.lake/build/doc/Mathlib/Tactic/NormNum/OfScientific.html",
     "4d5d8d25105dd0ac"],
    ["/inspire/hdd/project/qproject-fundationmodel/czxs25250150/Archon/workspace/KIP/.lake/build/doc/Mathlib/Tactic/NormNum/Pow.html",
     "c9013b856e4ba3fb"]]],
  ["/inspire/hdd/project/qproject-fundationmodel/czxs25250150/Archon/workspace/KIP/.lake/build/doc-data/references.json",
   "a50f2257f35adb49"],
  ["/inspire/hdd/project/qproject-fundationmodel/czxs25250150/Archon/workspace/KIP/.lake/packages/doc-gen4/.lake/build/bin/doc-gen4",
   "e90e569853ffef27"],
  ["Mathlib.Combinatorics.Enumerative.Schroder:leanArts", "dcedbebd19c0f3e4"]],
 "depHash": "0688c8a51c2bceb3"}